<?xml version="1.0" encoding="UTF-8"?>
<testsuite name="woo.woospring.WooSpringApplicationTests" tests="1" skipped="0" failures="0" errors="0" timestamp="2023-02-09T04:31:22" hostname="PARKui-MacBookPro.local" time="0.362">
  <properties/>
  <testcase name="contextLoads()" classname="woo.woospring.WooSpringApplicationTests" time="0.362"/>
  <system-out><![CDATA[13:31:18.259 [Test worker] DEBUG org.springframework.test.context.BootstrapUtils - Instantiating CacheAwareContextLoaderDelegate from class [org.springframework.test.context.cache.DefaultCacheAwareContextLoaderDelegate]
13:31:18.267 [Test worker] DEBUG org.springframework.test.context.BootstrapUtils - Instantiating BootstrapContext using constructor [public org.springframework.test.context.support.DefaultBootstrapContext(java.lang.Class,org.springframework.test.context.CacheAwareContextLoaderDelegate)]
13:31:18.316 [Test worker] DEBUG org.springframework.test.context.BootstrapUtils - Instantiating TestContextBootstrapper for test class [woo.woospring.WooSpringApplicationTests] from class [org.springframework.boot.test.context.SpringBootTestContextBootstrapper]
13:31:18.328 [Test worker] INFO org.springframework.boot.test.context.SpringBootTestContextBootstrapper - Neither @ContextConfiguration nor @ContextHierarchy found for test class [woo.woospring.WooSpringApplicationTests], using SpringBootContextLoader
13:31:18.332 [Test worker] DEBUG org.springframework.test.context.support.AbstractContextLoader - Did not detect default resource location for test class [woo.woospring.WooSpringApplicationTests]: class path resource [woo/woospring/WooSpringApplicationTests-context.xml] does not exist
13:31:18.332 [Test worker] DEBUG org.springframework.test.context.support.AbstractContextLoader - Did not detect default resource location for test class [woo.woospring.WooSpringApplicationTests]: class path resource [woo/woospring/WooSpringApplicationTestsContext.groovy] does not exist
13:31:18.332 [Test worker] INFO org.springframework.test.context.support.AbstractContextLoader - Could not detect default resource locations for test class [woo.woospring.WooSpringApplicationTests]: no resource found for suffixes {-context.xml, Context.groovy}.
13:31:18.333 [Test worker] INFO org.springframework.test.context.support.AnnotationConfigContextLoaderUtils - Could not detect default configuration classes for test class [woo.woospring.WooSpringApplicationTests]: WooSpringApplicationTests does not declare any static, non-private, non-final, nested classes annotated with @Configuration.
13:31:18.377 [Test worker] DEBUG org.springframework.test.context.support.ActiveProfilesUtils - Could not find an 'annotation declaring class' for annotation type [org.springframework.test.context.ActiveProfiles] and class [woo.woospring.WooSpringApplicationTests]
13:31:18.461 [Test worker] DEBUG org.springframework.context.annotation.ClassPathScanningCandidateComponentProvider - Identified candidate component class: file [/Users/park/Desktop/java/김영한/woo-spring/build/classes/java/main/woo/woospring/WooSpringApplication.class]
13:31:18.462 [Test worker] INFO org.springframework.boot.test.context.SpringBootTestContextBootstrapper - Found @SpringBootConfiguration woo.woospring.WooSpringApplication for test class woo.woospring.WooSpringApplicationTests
13:31:18.572 [Test worker] DEBUG org.springframework.boot.test.context.SpringBootTestContextBootstrapper - @TestExecutionListeners is not present for class [woo.woospring.WooSpringApplicationTests]: using defaults.
13:31:18.572 [Test worker] INFO org.springframework.boot.test.context.SpringBootTestContextBootstrapper - Loaded default TestExecutionListener class names from location [META-INF/spring.factories]: [org.springframework.boot.test.autoconfigure.restdocs.RestDocsTestExecutionListener, org.springframework.boot.test.autoconfigure.web.client.MockRestServiceServerResetTestExecutionListener, org.springframework.boot.test.autoconfigure.web.servlet.MockMvcPrintOnlyOnFailureTestExecutionListener, org.springframework.boot.test.autoconfigure.web.servlet.WebDriverTestExecutionListener, org.springframework.boot.test.autoconfigure.webservices.client.MockWebServiceServerTestExecutionListener, org.springframework.boot.test.mock.mockito.MockitoTestExecutionListener, org.springframework.boot.test.mock.mockito.ResetMocksTestExecutionListener, org.springframework.test.context.web.ServletTestExecutionListener, org.springframework.test.context.support.DirtiesContextBeforeModesTestExecutionListener, org.springframework.test.context.event.ApplicationEventsTestExecutionListener, org.springframework.test.context.support.DependencyInjectionTestExecutionListener, org.springframework.test.context.support.DirtiesContextTestExecutionListener, org.springframework.test.context.transaction.TransactionalTestExecutionListener, org.springframework.test.context.jdbc.SqlScriptsTestExecutionListener, org.springframework.test.context.event.EventPublishingTestExecutionListener]
13:31:18.582 [Test worker] DEBUG org.springframework.boot.test.context.SpringBootTestContextBootstrapper - Skipping candidate TestExecutionListener [org.springframework.test.context.transaction.TransactionalTestExecutionListener] due to a missing dependency. Specify custom listener classes or make the default listener classes and their required dependencies available. Offending class: [org/springframework/transaction/TransactionDefinition]
13:31:18.582 [Test worker] DEBUG org.springframework.boot.test.context.SpringBootTestContextBootstrapper - Skipping candidate TestExecutionListener [org.springframework.test.context.jdbc.SqlScriptsTestExecutionListener] due to a missing dependency. Specify custom listener classes or make the default listener classes and their required dependencies available. Offending class: [org/springframework/transaction/interceptor/TransactionAttribute]
13:31:18.582 [Test worker] INFO org.springframework.boot.test.context.SpringBootTestContextBootstrapper - Using TestExecutionListeners: [org.springframework.test.context.web.ServletTestExecutionListener@3a0807b7, org.springframework.test.context.support.DirtiesContextBeforeModesTestExecutionListener@21a5fd96, org.springframework.test.context.event.ApplicationEventsTestExecutionListener@5769e7ae, org.springframework.boot.test.mock.mockito.MockitoTestExecutionListener@5c77053b, org.springframework.boot.test.autoconfigure.SpringBootDependencyInjectionTestExecutionListener@26b894bd, org.springframework.test.context.support.DirtiesContextTestExecutionListener@287f94b1, org.springframework.test.context.event.EventPublishingTestExecutionListener@30b34287, org.springframework.boot.test.autoconfigure.restdocs.RestDocsTestExecutionListener@5489c777, org.springframework.boot.test.autoconfigure.web.client.MockRestServiceServerResetTestExecutionListener@3676ac27, org.springframework.boot.test.autoconfigure.web.servlet.MockMvcPrintOnlyOnFailureTestExecutionListener@62f87c44, org.springframework.boot.test.autoconfigure.web.servlet.WebDriverTestExecutionListener@48f5bde6, org.springframework.boot.test.autoconfigure.webservices.client.MockWebServiceServerTestExecutionListener@525d79f0, org.springframework.boot.test.mock.mockito.ResetMocksTestExecutionListener@5149f008]
13:31:18.585 [Test worker] DEBUG org.springframework.test.context.support.AbstractDirtiesContextTestExecutionListener - Before test class: context [DefaultTestContext@120f38e6 testClass = WooSpringApplicationTests, testInstance = [null], testMethod = [null], testException = [null], mergedContextConfiguration = [WebMergedContextConfiguration@7a0e1b5e testClass = WooSpringApplicationTests, locations = '{}', classes = '{class woo.woospring.WooSpringApplication}', contextInitializerClasses = '[]', activeProfiles = '{}', propertySourceLocations = '{}', propertySourceProperties = '{org.springframework.boot.test.context.SpringBootTestContextBootstrapper=true}', contextCustomizers = set[org.springframework.boot.test.autoconfigure.actuate.metrics.MetricsExportContextCustomizerFactory$DisableMetricExportContextCustomizer@7ce97ee5, org.springframework.boot.test.autoconfigure.properties.PropertyMappingContextCustomizer@0, org.springframework.boot.test.autoconfigure.web.servlet.WebDriverContextCustomizerFactory$Customizer@765f05af, org.springframework.boot.test.context.filter.ExcludeFilterContextCustomizer@4bc28c33, org.springframework.boot.test.json.DuplicateJsonObjectContextCustomizerFactory$DuplicateJsonObjectContextCustomizer@7ec3394b, org.springframework.boot.test.mock.mockito.MockitoContextCustomizer@0, org.springframework.boot.test.web.client.TestRestTemplateContextCustomizer@3542162a, org.springframework.boot.test.context.SpringBootTestArgs@1, org.springframework.boot.test.context.SpringBootTestWebEnvironment@311bf055], resourceBasePath = 'src/main/webapp', contextLoader = 'org.springframework.boot.test.context.SpringBootContextLoader', parent = [null]], attributes = map['org.springframework.test.context.web.ServletTestExecutionListener.activateListener' -> true]], class annotated with @DirtiesContext [false] with mode [null].

  .   ____          _            __ _ _
 /\\ / ___'_ __ _ _(_)_ __  __ _ \ \ \ \
( ( )\___ | '_ | '_| | '_ \/ _` | \ \ \ \
 \\/  ___)| |_)| | | | | || (_| |  ) ) ) )
  '  |____| .__|_| |_|_| |_\__, | / / / /
 =========|_|==============|___/=/_/_/_/
 :: Spring Boot ::                (v2.7.8)

2023-02-09 13:31:19.393  INFO 18150 --- [    Test worker] woo.woospring.WooSpringApplicationTests  : Starting WooSpringApplicationTests using Java 11.0.11 on PARKui-MacBookPro.local with PID 18150 (started by park in /Users/park/Desktop/java/김영한/woo-spring)
2023-02-09 13:31:19.396  INFO 18150 --- [    Test worker] woo.woospring.WooSpringApplicationTests  : No active profile set, falling back to 1 default profile: "default"
2023-02-09 13:31:21.573  INFO 18150 --- [    Test worker] o.s.b.a.w.s.WelcomePageHandlerMapping    : Adding welcome page: class path resource [static/index.html]
2023-02-09 13:31:21.995  INFO 18150 --- [    Test worker] woo.woospring.WooSpringApplicationTests  : Started WooSpringApplicationTests in 3.257 seconds (JVM running for 4.885)
]]></system-out>
  <system-err><![CDATA[]]></system-err>
</testsuite>
